23:59:45 -- 0:00:00.000545: Initialization complete, beginning processing of proteins with codes: '1kzm', '1l2y' with graphing arguments: 'sdj', 'sfjk'.
23:59:45 -- 0:00:00.001284: Fetching model for protein with code: '1kzm'.
23:59:46 -- 0:00:01.186207: Fetching model for protein with code: '1l2y'.
23:59:49 -- 0:00:03.601138: Beginning surface analysis.
23:59:49 -- 0:00:03.602228: Started protein with code: '1kzm'.
23:59:50 -- 0:00:04.560153: File read.
23:59:52 -- 0:00:06.628151: 86patches built, 41 deleted due to small size.
00:00:45 -- 0:00:59.590676: Distances built(Patches).
00:00:45 -- 0:00:59.591597: Surfaces built.
00:00:46 -- 0:01:00.305508: Centers built.
00:01:16 -- 0:01:31.033604: Distances built(Universal).
00:01:16 -- 0:01:31.231523: Finished protein with code:'1kzm'.
00:01:17 -- 0:01:31.347148: Started protein with code: '1l2y'.
00:01:17 -- 0:01:31.446996: File read.
00:01:17 -- 0:01:31.478771: 9patches built, 1 deleted due to small size.
00:01:18 -- 0:01:32.528578: Distances built(Patches).
00:01:18 -- 0:01:32.529098: Surfaces built.
00:01:18 -- 0:01:32.551333: Centers built.
00:01:18 -- 0:01:32.661268: Distances built(Universal).
00:01:18 -- 0:01:32.677911: Finished protein with code:'1l2y'.
00:01:18 -- 0:01:32.679403: Surface analysis complete. Beginning graphing.
