10:08:48 -- 0:00:00.000830: Initialization complete, beginning processing of proteins with codes: '1h55', '1cf3', '2hrw', '1yph' with no graphing arguments.
10:08:48 -- 0:00:00.002798: Fetching model for protein with code: '1h55'.
10:08:50 -- 0:00:01.965888: Successfully fetched model for protein with code: '1h55'.
10:08:50 -- 0:00:01.967053: Fetching model for protein with code: '1cf3'.
10:08:52 -- 0:00:03.925894: Successfully fetched model for protein with code: '1cf3'.
10:08:52 -- 0:00:03.926941: Fetching model for protein with code: '2hrw'.
10:08:53 -- 0:00:05.257032: Successfully fetched model for protein with code: '2hrw'.
10:08:53 -- 0:00:05.258383: Fetching model for protein with code: '1yph'.
10:08:55 -- 0:00:07.216722: Successfully fetched model for protein with code: '1yph'.
10:08:55 -- 0:00:07.217433: Beginning surface analysis.
10:08:55 -- 0:00:07.217755: Started protein with code: '1h55'.
10:08:56 -- 0:00:07.875292: File read.
10:08:57 -- 0:00:09.521977: 79 patches built, 48 deleted due to small size.
10:09:35 -- 0:00:46.710085: Distances built(Patches).
10:09:35 -- 0:00:46.711119: Surfaces built.
10:09:35 -- 0:00:47.330955: Centers built.
10:09:55 -- 0:01:07.581131: Distances built(Universal).
10:09:56 -- 0:01:07.738564: Finished protein with code: '1h55'.
10:09:56 -- 0:01:07.819310: Started protein with code: '1cf3'.
10:09:57 -- 0:01:08.994933: File read.
10:10:01 -- 0:01:13.445247: 160 patches built, 68 deleted due to small size.
10:18:25 -- 0:09:36.739568: Distances built(Patches).
10:18:25 -- 0:09:36.740546: Surfaces built.
10:18:31 -- 0:09:43.239782: Centers built.
