00:47:34 -- 0:00:00.000507: Initialization complete, beginning processing of proteins with codes: '1yph', '1cf3', '2hrw'.
00:47:34 -- 0:00:00.001768: Skipped fetching of model for protein with code: '1yph' because protein's model as already been fetched.
00:47:34 -- 0:00:00.002390: Beginning surface analysis.
00:47:34 -- 0:00:00.106701: Started protein with code: '1yph'.
00:47:34 -- 0:00:00.106892: Started protein with code: '1cf3'.
00:47:34 -- 0:00:00.107080: Started protein with code: '2hrw'.
00:47:35 -- 0:00:00.924954: File read.
00:47:36 -- 0:00:01.316448: File read.
00:47:36 -- 0:00:01.478247: File read.
00:47:37 -- 0:00:03.059149: 80 patches built, 26 deleted due to small size.
00:47:40 -- 0:00:05.359381: 114 patches built, 83 deleted due to small size.
00:47:41 -- 0:00:06.752538: 160 patches built, 68 deleted due to small size.
00:50:51 -- 0:03:16.666785: Distances built(Patches).
00:50:51 -- 0:03:16.667356: Surfaces built.
00:50:53 -- 0:03:18.454827: Centers built.
00:51:24 -- 0:03:49.585961: Distances built(Universal).
00:51:24 -- 0:03:49.728489: Finished protein with code: '2hrw'.
00:55:50 -- 0:08:15.603775: Distances built(Patches).
00:57:17 -- 0:09:42.423172: Distances built(Patches).
00:59:04 -- 0:11:29.335899: Surfaces built.
00:59:04 -- 0:11:29.336773: Surfaces built.
00:59:09 -- 0:11:34.401702: Centers built.
00:59:09 -- 0:11:35.171582: Centers built.
01:00:16 -- 0:12:41.698285: Distances built(Universal).
01:00:16 -- 0:12:41.914431: Finished protein with code: '1yph'.
