14:26:42 -- 0:00:00.000541 -- Main: Initialization complete, beginning processing of proteins with codes: 'tes1'.
14:26:42 -- 0:00:00.001125 -- Main: Skipped fetching of model for protein with code: 'tes1' because protein's model as already been fetched.
14:26:42 -- 0:00:00.001362 -- Main: Beginning surface analysis.
14:26:42 -- 0:00:00.001570 -- tes1: Started protein.
14:26:42 -- 0:00:00.000195 -- Main: Initialization complete, beginning processing of proteins with codes: 'tes2'.
14:26:42 -- 0:00:00.000765 -- Main: Skipped fetching of model for protein with code: 'tes2' because protein's model as already been fetched.
14:26:42 -- 0:00:00.001099 -- Main: (OLD)Beginning surface analysis.
14:26:42 -- 0:00:00.001367 -- tes2: Started protein.
14:26:46 -- 0:00:04.232095 -- tes1: File read.
14:26:46 -- 0:00:04.259062 -- tes2: File read.
14:27:30 -- 0:00:47.898690 -- tes2: 549 patches built, 204 deleted due to small size.
14:27:32 -- 0:00:50.110092 -- tes1: 549 patches built, 204 deleted due to small size.
14:37:30 -- 0:10:48.116543 -- tes2: Distances built(Patches).
14:37:30 -- 0:10:48.117754 -- tes2: Surfaces built.
14:37:38 -- 0:10:56.072760 -- tes2: Centers built.
14:37:39 -- 0:10:57.141054 -- tes1: Distances built(Patches).
14:37:39 -- 0:10:57.142175 -- tes1: Surfaces built.
14:37:47 -- 0:11:05.277128 -- tes1: Centers built.
15:37:20 -- 1:10:38.126596 -- tes2: Distances built(Universal).
15:37:26 -- 1:10:44.491772 -- tes2: Finished protein.
15:37:36 -- 1:10:54.884742 -- Main: Surface analysis complete. Beginning graphing.
