14:30:36 -- 0:00:00.000552 -- Main: Initialization complete, beginning processing of proteins with codes: '1yph', '1ump', '1cf3'.
14:30:36 -- 0:00:00.001220 -- 1yph: Skipped fetching of model for protein.
14:30:36 -- 0:00:00.001546 -- Main: Beginning surface analysis.
14:30:36 -- 0:00:00.001896 -- 1yph: Started protein.
14:30:37 -- 0:00:01.330535 -- 1yph: File read.
14:30:41 -- 0:00:04.758723 -- 1yph: 130 patches built, 91 deleted due to small size.
14:31:42 -- 0:01:05.538430 -- 1yph: Distances built(Patches).
14:31:42 -- 0:01:05.539074 -- 1yph: 8 surfaces built.
14:31:42 -- 0:01:06.355903 -- 1yph: Centers built.
14:32:28 -- 0:01:51.883686 -- 1yph: Distances built(Universal).
14:32:28 -- 0:01:52.226579 -- 1yph: Finished protein.
14:32:28 -- 0:01:52.360161 -- 1ump: Started protein.
14:32:33 -- 0:01:56.723040 -- 1ump: File read.
14:33:11 -- 0:02:35.220410 -- 1ump: 609 patches built, 248 deleted due to small size.
14:35:34 -- 0:04:57.577744 -- 1ump: Distances built(Patches).
14:35:34 -- 0:04:57.579229 -- 1ump: 22 surfaces built.
14:35:36 -- 0:05:00.099060 -- 1ump: Centers built.
15:15:45 -- 0:45:09.443528 -- 1ump: Distances built(Universal).
15:15:53 -- 0:45:16.622901 -- 1ump: Finished protein.
15:15:57 -- 0:45:21.029946 -- 1cf3: Started protein.
15:15:58 -- 0:45:22.074647 -- 1cf3: File read.
15:16:03 -- 0:45:26.523952 -- 1cf3: 181 patches built, 76 deleted due to small size.
15:16:31 -- 0:45:54.818822 -- 1cf3: Distances built(Patches).
15:16:31 -- 0:45:54.819613 -- 1cf3: 11 surfaces built.
15:16:31 -- 0:45:55.330952 -- 1cf3: Centers built.
15:17:49 -- 0:47:12.746706 -- 1cf3: Distances built(Universal).
15:17:49 -- 0:47:13.297215 -- 1cf3: Finished protein.
15:17:50 -- 0:47:13.540881 -- Main: Surface analysis complete. Beginning graphing.
